<?xml version="1.0" encoding="UTF-8"?>
<!-- Generated by org.testng.reporters.JUnitReportReporter -->
<testsuite hostname="SumitPc" failures="0" tests="2" name="com.crm.qa.Testcases.LoginPageTest" time="25.081" errors="0" timestamp="26 जुल॰ 2021 11:02:11 GMT" skipped="0">
  <testcase classname="com.crm.qa.Testcases.LoginPageTest" name="loginTest" time="17.621"/>
  <testcase classname="com.crm.qa.Testcases.LoginPageTest" name="loginPageTitleTest" time="7.460"/>
</testsuite> <!-- com.crm.qa.Testcases.LoginPageTest -->
